{"src/connector.js":{"path":"src/connector.js","s":{"1":1,"2":1,"3":8,"4":8,"5":8,"6":8,"7":8,"8":8,"9":8,"10":1,"11":8,"12":8,"13":8,"14":8,"15":8,"16":8,"17":8,"18":1,"19":16,"20":16,"21":16,"22":16,"23":16,"24":16,"25":8,"26":8,"27":8,"28":0,"29":0,"30":0,"31":0,"32":0,"33":0,"34":8,"35":8,"36":8,"37":0,"38":0,"39":16,"40":1,"41":24,"42":24,"43":24,"44":24,"45":24,"46":3,"47":3,"48":21,"49":11,"50":11,"51":10,"52":2,"53":24,"54":3,"55":3,"56":21,"57":3,"58":3,"59":18,"60":10,"61":24,"62":1,"63":8,"64":8,"65":8,"66":8,"67":8,"68":8,"69":8,"70":0,"71":0,"72":0,"73":0,"74":0,"75":0,"76":0,"77":0,"78":8,"79":8,"80":0,"81":0,"82":0,"83":0,"84":0,"85":8,"86":1,"87":8,"88":8,"89":1,"90":8,"91":8,"92":8,"93":8,"94":8,"95":8,"96":8,"97":0,"98":0,"99":0,"100":0,"101":0,"102":0,"103":8,"104":8,"105":0,"106":8,"107":1},"b":{"1":[8,0,0,8,0],"2":[3,21],"3":[11,10],"4":[2,8],"5":[3,21],"6":[3,18],"7":[10,8],"8":[0,8],"9":[0,0],"10":[8,0],"11":[0,0],"12":[0,0,0,8,0]},"f":{"1":1,"2":8,"3":8,"4":16,"5":24,"6":8,"7":8,"8":8},"fnMap":{"1":{"name":"(anonymous_1)","line":1,"loc":{"start":{"line":1,"column":18},"end":{"line":1,"column":46}}},"2":{"name":"Connector","line":14,"loc":{"start":{"line":14,"column":1},"end":{"line":14,"column":43}}},"3":{"name":"(anonymous_3)","line":30,"loc":{"start":{"line":30,"column":28},"end":{"line":30,"column":45}}},"4":{"name":"(anonymous_4)","line":48,"loc":{"start":{"line":48,"column":33},"end":{"line":48,"column":62}}},"5":{"name":"(anonymous_5)","line":89,"loc":{"start":{"line":89,"column":36},"end":{"line":89,"column":61}}},"6":{"name":"(anonymous_6)","line":126,"loc":{"start":{"line":126,"column":32},"end":{"line":126,"column":57}}},"7":{"name":"(anonymous_7)","line":177,"loc":{"start":{"line":177,"column":39},"end":{"line":177,"column":56}}},"8":{"name":"(anonymous_8)","line":189,"loc":{"start":{"line":189,"column":39},"end":{"line":189,"column":67}}}},"statementMap":{"1":{"start":{"line":1,"column":0},"end":{"line":219,"column":9}},"2":{"start":{"line":14,"column":1},"end":{"line":23,"column":2}},"3":{"start":{"line":15,"column":2},"end":{"line":15,"column":21}},"4":{"start":{"line":16,"column":2},"end":{"line":16,"column":25}},"5":{"start":{"line":17,"column":2},"end":{"line":17,"column":25}},"6":{"start":{"line":18,"column":2},"end":{"line":18,"column":44}},"7":{"start":{"line":19,"column":2},"end":{"line":19,"column":44}},"8":{"start":{"line":20,"column":2},"end":{"line":20,"column":39}},"9":{"start":{"line":22,"column":2},"end":{"line":22,"column":48}},"10":{"start":{"line":30,"column":1},"end":{"line":40,"column":3}},"11":{"start":{"line":32,"column":2},"end":{"line":32,"column":16}},"12":{"start":{"line":33,"column":2},"end":{"line":33,"column":16}},"13":{"start":{"line":34,"column":2},"end":{"line":34,"column":16}},"14":{"start":{"line":35,"column":2},"end":{"line":35,"column":16}},"15":{"start":{"line":37,"column":2},"end":{"line":37,"column":29}},"16":{"start":{"line":38,"column":2},"end":{"line":38,"column":30}},"17":{"start":{"line":39,"column":2},"end":{"line":39,"column":35}},"18":{"start":{"line":48,"column":1},"end":{"line":79,"column":3}},"19":{"start":{"line":50,"column":2},"end":{"line":50,"column":14}},"20":{"start":{"line":51,"column":2},"end":{"line":51,"column":33}},"21":{"start":{"line":52,"column":2},"end":{"line":52,"column":33}},"22":{"start":{"line":53,"column":2},"end":{"line":53,"column":38}},"23":{"start":{"line":54,"column":2},"end":{"line":54,"column":37}},"24":{"start":{"line":56,"column":2},"end":{"line":76,"column":3}},"25":{"start":{"line":58,"column":4},"end":{"line":58,"column":16}},"26":{"start":{"line":59,"column":4},"end":{"line":59,"column":18}},"27":{"start":{"line":60,"column":3},"end":{"line":60,"column":9}},"28":{"start":{"line":62,"column":4},"end":{"line":62,"column":18}},"29":{"start":{"line":63,"column":4},"end":{"line":63,"column":11}},"30":{"start":{"line":64,"column":3},"end":{"line":64,"column":9}},"31":{"start":{"line":66,"column":4},"end":{"line":66,"column":18}},"32":{"start":{"line":67,"column":4},"end":{"line":67,"column":16}},"33":{"start":{"line":68,"column":3},"end":{"line":68,"column":9}},"34":{"start":{"line":70,"column":4},"end":{"line":70,"column":11}},"35":{"start":{"line":71,"column":4},"end":{"line":71,"column":18}},"36":{"start":{"line":72,"column":3},"end":{"line":72,"column":9}},"37":{"start":{"line":74,"column":4},"end":{"line":74,"column":16}},"38":{"start":{"line":75,"column":4},"end":{"line":75,"column":18}},"39":{"start":{"line":78,"column":2},"end":{"line":78,"column":41}},"40":{"start":{"line":89,"column":1},"end":{"line":117,"column":3}},"41":{"start":{"line":91,"column":2},"end":{"line":91,"column":14}},"42":{"start":{"line":92,"column":2},"end":{"line":92,"column":13}},"43":{"start":{"line":93,"column":2},"end":{"line":93,"column":19}},"44":{"start":{"line":94,"column":2},"end":{"line":94,"column":19}},"45":{"start":{"line":96,"column":2},"end":{"line":104,"column":3}},"46":{"start":{"line":97,"column":3},"end":{"line":97,"column":10}},"47":{"start":{"line":98,"column":3},"end":{"line":98,"column":14}},"48":{"start":{"line":99,"column":9},"end":{"line":104,"column":3}},"49":{"start":{"line":100,"column":3},"end":{"line":100,"column":9}},"50":{"start":{"line":101,"column":3},"end":{"line":101,"column":15}},"51":{"start":{"line":102,"column":9},"end":{"line":104,"column":3}},"52":{"start":{"line":103,"column":3},"end":{"line":103,"column":9}},"53":{"start":{"line":106,"column":2},"end":{"line":114,"column":3}},"54":{"start":{"line":107,"column":3},"end":{"line":107,"column":10}},"55":{"start":{"line":108,"column":3},"end":{"line":108,"column":13}},"56":{"start":{"line":109,"column":9},"end":{"line":114,"column":3}},"57":{"start":{"line":110,"column":3},"end":{"line":110,"column":9}},"58":{"start":{"line":111,"column":3},"end":{"line":111,"column":15}},"59":{"start":{"line":112,"column":9},"end":{"line":114,"column":3}},"60":{"start":{"line":113,"column":3},"end":{"line":113,"column":9}},"61":{"start":{"line":116,"column":2},"end":{"line":116,"column":32}},"62":{"start":{"line":126,"column":1},"end":{"line":170,"column":3}},"63":{"start":{"line":129,"column":2},"end":{"line":129,"column":22}},"64":{"start":{"line":130,"column":2},"end":{"line":130,"column":59}},"65":{"start":{"line":131,"column":2},"end":{"line":131,"column":48}},"66":{"start":{"line":132,"column":2},"end":{"line":132,"column":48}},"67":{"start":{"line":133,"column":2},"end":{"line":133,"column":19}},"68":{"start":{"line":135,"column":2},"end":{"line":135,"column":35}},"69":{"start":{"line":138,"column":2},"end":{"line":153,"column":3}},"70":{"start":{"line":140,"column":3},"end":{"line":140,"column":47}},"71":{"start":{"line":141,"column":3},"end":{"line":141,"column":60}},"72":{"start":{"line":144,"column":3},"end":{"line":150,"column":4}},"73":{"start":{"line":145,"column":4},"end":{"line":145,"column":61}},"74":{"start":{"line":146,"column":4},"end":{"line":146,"column":48}},"75":{"start":{"line":148,"column":4},"end":{"line":148,"column":65}},"76":{"start":{"line":149,"column":4},"end":{"line":149,"column":54}},"77":{"start":{"line":152,"column":3},"end":{"line":152,"column":37}},"78":{"start":{"line":155,"column":2},"end":{"line":162,"column":3}},"79":{"start":{"line":156,"column":3},"end":{"line":156,"column":37}},"80":{"start":{"line":157,"column":9},"end":{"line":162,"column":3}},"81":{"start":{"line":158,"column":3},"end":{"line":158,"column":20}},"82":{"start":{"line":159,"column":3},"end":{"line":159,"column":48}},"83":{"start":{"line":160,"column":3},"end":{"line":160,"column":48}},"84":{"start":{"line":161,"column":3},"end":{"line":161,"column":37}},"85":{"start":{"line":164,"column":2},"end":{"line":169,"column":5}},"86":{"start":{"line":177,"column":1},"end":{"line":182,"column":3}},"87":{"start":{"line":179,"column":2},"end":{"line":179,"column":17}},"88":{"start":{"line":181,"column":2},"end":{"line":181,"column":36}},"89":{"start":{"line":189,"column":1},"end":{"line":215,"column":3}},"90":{"start":{"line":190,"column":2},"end":{"line":190,"column":15}},"91":{"start":{"line":191,"column":2},"end":{"line":191,"column":30}},"92":{"start":{"line":192,"column":3},"end":{"line":192,"column":37}},"93":{"start":{"line":193,"column":3},"end":{"line":193,"column":37}},"94":{"start":{"line":194,"column":3},"end":{"line":194,"column":28}},"95":{"start":{"line":195,"column":3},"end":{"line":195,"column":30}},"96":{"start":{"line":197,"column":2},"end":{"line":212,"column":3}},"97":{"start":{"line":199,"column":4},"end":{"line":199,"column":12}},"98":{"start":{"line":200,"column":3},"end":{"line":200,"column":9}},"99":{"start":{"line":202,"column":4},"end":{"line":202,"column":11}},"100":{"start":{"line":203,"column":3},"end":{"line":203,"column":9}},"101":{"start":{"line":205,"column":4},"end":{"line":205,"column":12}},"102":{"start":{"line":206,"column":3},"end":{"line":206,"column":9}},"103":{"start":{"line":208,"column":4},"end":{"line":208,"column":10}},"104":{"start":{"line":209,"column":3},"end":{"line":209,"column":9}},"105":{"start":{"line":211,"column":4},"end":{"line":211,"column":10}},"106":{"start":{"line":214,"column":2},"end":{"line":214,"column":61}},"107":{"start":{"line":217,"column":1},"end":{"line":217,"column":18}}},"branchMap":{"1":{"line":56,"type":"switch","locations":[{"start":{"line":57,"column":3},"end":{"line":60,"column":9}},{"start":{"line":61,"column":3},"end":{"line":64,"column":9}},{"start":{"line":65,"column":3},"end":{"line":68,"column":9}},{"start":{"line":69,"column":3},"end":{"line":72,"column":9}},{"start":{"line":73,"column":3},"end":{"line":75,"column":18}}]},"2":{"line":96,"type":"if","locations":[{"start":{"line":96,"column":2},"end":{"line":96,"column":2}},{"start":{"line":96,"column":2},"end":{"line":96,"column":2}}]},"3":{"line":99,"type":"if","locations":[{"start":{"line":99,"column":9},"end":{"line":99,"column":9}},{"start":{"line":99,"column":9},"end":{"line":99,"column":9}}]},"4":{"line":102,"type":"if","locations":[{"start":{"line":102,"column":9},"end":{"line":102,"column":9}},{"start":{"line":102,"column":9},"end":{"line":102,"column":9}}]},"5":{"line":106,"type":"if","locations":[{"start":{"line":106,"column":2},"end":{"line":106,"column":2}},{"start":{"line":106,"column":2},"end":{"line":106,"column":2}}]},"6":{"line":109,"type":"if","locations":[{"start":{"line":109,"column":9},"end":{"line":109,"column":9}},{"start":{"line":109,"column":9},"end":{"line":109,"column":9}}]},"7":{"line":112,"type":"if","locations":[{"start":{"line":112,"column":9},"end":{"line":112,"column":9}},{"start":{"line":112,"column":9},"end":{"line":112,"column":9}}]},"8":{"line":138,"type":"if","locations":[{"start":{"line":138,"column":2},"end":{"line":138,"column":2}},{"start":{"line":138,"column":2},"end":{"line":138,"column":2}}]},"9":{"line":144,"type":"if","locations":[{"start":{"line":144,"column":3},"end":{"line":144,"column":3}},{"start":{"line":144,"column":3},"end":{"line":144,"column":3}}]},"10":{"line":155,"type":"if","locations":[{"start":{"line":155,"column":2},"end":{"line":155,"column":2}},{"start":{"line":155,"column":2},"end":{"line":155,"column":2}}]},"11":{"line":157,"type":"if","locations":[{"start":{"line":157,"column":9},"end":{"line":157,"column":9}},{"start":{"line":157,"column":9},"end":{"line":157,"column":9}}]},"12":{"line":197,"type":"switch","locations":[{"start":{"line":198,"column":3},"end":{"line":200,"column":9}},{"start":{"line":201,"column":3},"end":{"line":203,"column":9}},{"start":{"line":204,"column":3},"end":{"line":206,"column":9}},{"start":{"line":207,"column":3},"end":{"line":209,"column":9}},{"start":{"line":210,"column":3},"end":{"line":211,"column":10}}]}}}}