{"src/Connector.js":{"path":"src/Connector.js","s":{"1":1,"2":1,"3":0,"4":0,"5":0,"6":0,"7":0,"8":1,"9":0,"10":0,"11":0,"12":0,"13":0,"14":0,"15":0,"16":1,"17":0,"18":0,"19":1,"20":0,"21":0,"22":1,"23":0,"24":0,"25":0,"26":0,"27":0,"28":0,"29":0,"30":0,"31":0,"32":0,"33":0,"34":0,"35":0,"36":0,"37":0,"38":0,"39":0,"40":1,"41":0,"42":0,"43":0,"44":0,"45":0,"46":0,"47":0,"48":0,"49":0,"50":0,"51":0,"52":1,"53":0,"54":1,"55":0,"56":0,"57":0,"58":0,"59":0,"60":1},"b":{"1":[0,0],"2":[0,0],"3":[0,0],"4":[0,0],"5":[0,0],"6":[0,0],"7":[0,0],"8":[0,0]},"f":{"1":1,"2":0,"3":0,"4":0,"5":0,"6":0,"7":0,"8":0,"9":0},"fnMap":{"1":{"name":"(anonymous_1)","line":1,"loc":{"start":{"line":1,"column":18},"end":{"line":1,"column":46}}},"2":{"name":"(anonymous_2)","line":4,"loc":{"start":{"line":4,"column":17},"end":{"line":4,"column":49}}},"3":{"name":"(anonymous_3)","line":13,"loc":{"start":{"line":13,"column":28},"end":{"line":13,"column":45}}},"4":{"name":"(anonymous_4)","line":25,"loc":{"start":{"line":25,"column":37},"end":{"line":25,"column":54}}},"5":{"name":"(anonymous_5)","line":30,"loc":{"start":{"line":30,"column":35},"end":{"line":30,"column":52}}},"6":{"name":"(anonymous_6)","line":35,"loc":{"start":{"line":35,"column":36},"end":{"line":35,"column":61}}},"7":{"name":"(anonymous_7)","line":65,"loc":{"start":{"line":65,"column":32},"end":{"line":65,"column":57}}},"8":{"name":"(anonymous_8)","line":87,"loc":{"start":{"line":87,"column":38},"end":{"line":87,"column":55}}},"9":{"name":"(anonymous_9)","line":91,"loc":{"start":{"line":91,"column":36},"end":{"line":91,"column":53}}}},"statementMap":{"1":{"start":{"line":1,"column":0},"end":{"line":101,"column":9}},"2":{"start":{"line":4,"column":1},"end":{"line":11,"column":3}},"3":{"start":{"line":5,"column":2},"end":{"line":5,"column":21}},"4":{"start":{"line":6,"column":2},"end":{"line":6,"column":47}},"5":{"start":{"line":7,"column":2},"end":{"line":7,"column":43}},"6":{"start":{"line":8,"column":2},"end":{"line":8,"column":39}},"7":{"start":{"line":10,"column":2},"end":{"line":10,"column":44}},"8":{"start":{"line":13,"column":1},"end":{"line":23,"column":3}},"9":{"start":{"line":15,"column":2},"end":{"line":15,"column":16}},"10":{"start":{"line":16,"column":2},"end":{"line":16,"column":16}},"11":{"start":{"line":17,"column":2},"end":{"line":17,"column":16}},"12":{"start":{"line":18,"column":2},"end":{"line":18,"column":16}},"13":{"start":{"line":20,"column":2},"end":{"line":20,"column":29}},"14":{"start":{"line":21,"column":2},"end":{"line":21,"column":29}},"15":{"start":{"line":22,"column":2},"end":{"line":22,"column":27}},"16":{"start":{"line":25,"column":1},"end":{"line":28,"column":3}},"17":{"start":{"line":26,"column":2},"end":{"line":26,"column":25}},"18":{"start":{"line":27,"column":2},"end":{"line":27,"column":41}},"19":{"start":{"line":30,"column":1},"end":{"line":33,"column":3}},"20":{"start":{"line":31,"column":2},"end":{"line":31,"column":25}},"21":{"start":{"line":32,"column":2},"end":{"line":32,"column":40}},"22":{"start":{"line":35,"column":1},"end":{"line":63,"column":3}},"23":{"start":{"line":41,"column":2},"end":{"line":41,"column":28}},"24":{"start":{"line":42,"column":2},"end":{"line":42,"column":19}},"25":{"start":{"line":43,"column":2},"end":{"line":43,"column":19}},"26":{"start":{"line":45,"column":2},"end":{"line":51,"column":3}},"27":{"start":{"line":46,"column":3},"end":{"line":46,"column":20}},"28":{"start":{"line":47,"column":9},"end":{"line":51,"column":3}},"29":{"start":{"line":48,"column":3},"end":{"line":48,"column":19}},"30":{"start":{"line":49,"column":9},"end":{"line":51,"column":3}},"31":{"start":{"line":50,"column":3},"end":{"line":50,"column":19}},"32":{"start":{"line":53,"column":2},"end":{"line":59,"column":3}},"33":{"start":{"line":54,"column":3},"end":{"line":54,"column":20}},"34":{"start":{"line":55,"column":9},"end":{"line":59,"column":3}},"35":{"start":{"line":56,"column":3},"end":{"line":56,"column":19}},"36":{"start":{"line":57,"column":9},"end":{"line":59,"column":3}},"37":{"start":{"line":58,"column":3},"end":{"line":58,"column":19}},"38":{"start":{"line":61,"column":2},"end":{"line":61,"column":25}},"39":{"start":{"line":62,"column":2},"end":{"line":62,"column":19}},"40":{"start":{"line":65,"column":1},"end":{"line":85,"column":3}},"41":{"start":{"line":67,"column":2},"end":{"line":67,"column":16}},"42":{"start":{"line":68,"column":2},"end":{"line":68,"column":49}},"43":{"start":{"line":70,"column":2},"end":{"line":78,"column":3}},"44":{"start":{"line":71,"column":3},"end":{"line":71,"column":53}},"45":{"start":{"line":72,"column":9},"end":{"line":78,"column":3}},"46":{"start":{"line":73,"column":3},"end":{"line":73,"column":20}},"47":{"start":{"line":74,"column":3},"end":{"line":74,"column":30}},"48":{"start":{"line":75,"column":3},"end":{"line":75,"column":42}},"49":{"start":{"line":76,"column":3},"end":{"line":76,"column":42}},"50":{"start":{"line":77,"column":3},"end":{"line":77,"column":31}},"51":{"start":{"line":80,"column":2},"end":{"line":84,"column":5}},"52":{"start":{"line":87,"column":1},"end":{"line":89,"column":3}},"53":{"start":{"line":88,"column":2},"end":{"line":88,"column":31}},"54":{"start":{"line":91,"column":1},"end":{"line":97,"column":3}},"55":{"start":{"line":92,"column":2},"end":{"line":92,"column":30}},"56":{"start":{"line":93,"column":3},"end":{"line":93,"column":37}},"57":{"start":{"line":94,"column":3},"end":{"line":94,"column":37}},"58":{"start":{"line":95,"column":3},"end":{"line":95,"column":28}},"59":{"start":{"line":96,"column":2},"end":{"line":96,"column":21}},"60":{"start":{"line":99,"column":1},"end":{"line":99,"column":18}}},"branchMap":{"1":{"line":45,"type":"if","locations":[{"start":{"line":45,"column":2},"end":{"line":45,"column":2}},{"start":{"line":45,"column":2},"end":{"line":45,"column":2}}]},"2":{"line":47,"type":"if","locations":[{"start":{"line":47,"column":9},"end":{"line":47,"column":9}},{"start":{"line":47,"column":9},"end":{"line":47,"column":9}}]},"3":{"line":49,"type":"if","locations":[{"start":{"line":49,"column":9},"end":{"line":49,"column":9}},{"start":{"line":49,"column":9},"end":{"line":49,"column":9}}]},"4":{"line":53,"type":"if","locations":[{"start":{"line":53,"column":2},"end":{"line":53,"column":2}},{"start":{"line":53,"column":2},"end":{"line":53,"column":2}}]},"5":{"line":55,"type":"if","locations":[{"start":{"line":55,"column":9},"end":{"line":55,"column":9}},{"start":{"line":55,"column":9},"end":{"line":55,"column":9}}]},"6":{"line":57,"type":"if","locations":[{"start":{"line":57,"column":9},"end":{"line":57,"column":9}},{"start":{"line":57,"column":9},"end":{"line":57,"column":9}}]},"7":{"line":70,"type":"if","locations":[{"start":{"line":70,"column":2},"end":{"line":70,"column":2}},{"start":{"line":70,"column":2},"end":{"line":70,"column":2}}]},"8":{"line":72,"type":"if","locations":[{"start":{"line":72,"column":9},"end":{"line":72,"column":9}},{"start":{"line":72,"column":9},"end":{"line":72,"column":9}}]}}}}